卷 新加卷 的文件夹 PATH 列表
卷序列号为 000000E1 1AE7:F13D
D:.
├─.gradle
│  └─3.3
│      └─taskArtifacts
├─.idea
│  ├─libraries
│  └─modules
├─build
│  ├─classes
│  │  └─main
│  │      ├─jason
│  │      │  └─chen
│  │      │      └─mini_springboot
│  │      │          ├─console
│  │      │          └─restful
│  │      │              ├─biz
│  │      │              ├─controller
│  │      │              ├─entity
│  │      │              └─utils
│  │      └─META-INF
│  ├─kotlin-build
│  │  └─caches
│  └─resources
│      └─main
│          ├─static
│          │  ├─css
│          │  ├─images
│          │  └─js
│          └─templates
│              └─common
├─gradle
│  └─wrapper
├─out
│  └─production
│      └─mini_springboot
│          ├─static
│          │  ├─css
│          │  ├─images
│          │  └─js
│          └─templates
│              └─common
└─src
    └─main
        ├─kotlin
        │  └─jason
        │      └─chen
        │          └─mini_springboot
        │              ├─console
        │              └─restful
        │                  ├─biz
        │                  ├─controller
        │                  ├─entity
        │                  └─utils
        └─resources
            ├─static
            │  ├─css
            │  ├─images
            │  └─js
            └─templates
                └─common
